<?xml version="1.0" encoding="UTF-8"?>
<testsuite name="CrossbodyBagTest" tests="3" skipped="0" failures="0" errors="0" timestamp="2023-06-12T02:55:41" hostname="MacBook-Pro.local" time="0.054">
  <properties/>
  <testcase name="TestToString" classname="CrossbodyBagTest" time="0.048"/>
  <testcase name="TestEnhance" classname="CrossbodyBagTest" time="0.004"/>
  <testcase name="TestGetNumberOfStraps" classname="CrossbodyBagTest" time="0.002"/>
  <system-out><![CDATA[]]></system-out>
  <system-err><![CDATA[]]></system-err>
</testsuite>
